ADMIN=1
CSC=2
RTL=3
RTL-Logistics=4
dbu_Demo=5
WMS=6
TTL=7
MercuryLogistic=8
ImportExport=9
SQLInterface=10
MIO=11
Repl=12
777=13
RTL_Mobile=14
Interface=15
RTL_Mobile_Cube=16
XMLInterface=17
Nestle_MobileMost=18
WrigleyInterface=19
Hygiene Kinetics (msdb)=20
BIMain=21
BSOPrint=22
BSOInterface=23
RTLAgentIntfDB=24
Reckitt Benckiser=25
Mareven Food=26
BIInterface=27
Neon=28
RTLMTInterfaceDB=29
RTLAgentIntfAdmin=30
DBAutoTest=31
BIBuffer=32
RDDC=33
WMSInterface=34
WMSIntfDB=35
RTLMTDB=36
IAS=37
